#
# There is insufficient memory for the Java Runtime Environment to continue.
# Native memory allocation (mmap) failed to map 268959744 bytes for committing reserved memory.
# Possible reasons:
#   The system is out of physical RAM or swap space
#   The process is running with CompressedOops enabled, and the Java Heap may be blocking the growth of the native heap
# Possible solutions:
#   Reduce memory load on the system
#   Increase physical memory or swap space
#   Check if swap backing store is full
#   Decrease Java heap size (-Xmx/-Xms)
#   Decrease number of Java threads
#   Decrease Java thread stack sizes (-Xss)
#   Set larger code cache with -XX:ReservedCodeCacheSize=
#   JVM is running with Unscaled Compressed Oops mode in which the Java heap is
#     placed in the first 4GB address space. The Java Heap base address is the
#     maximum limit for the native heap growth. Please use -XX:HeapBaseMinAddress
#     to set the Java Heap base and to place the Java Heap above 4GB virtual address.
# This output file may be truncated or incomplete.
#
#  Out of Memory Error (os_linux.cpp:2749), pid=32005, tid=0x00007ff9f35f5700
#
# JRE version: Java(TM) SE Runtime Environment (8.0_211-b12) (build 1.8.0_211-b12)
# Java VM: Java HotSpot(TM) 64-Bit Server VM (25.211-b12 mixed mode linux-amd64 compressed oops)
# Failed to write core dump. Core dumps have been disabled. To enable core dumping, try "ulimit -c unlimited" before starting Java again
#

---------------  T H R E A D  ---------------

Current thread (0x00007ffa18144000):  VMThread [stack: 0x00007ff9f34f6000,0x00007ff9f35f6000] [id=32020]

Stack: [0x00007ff9f34f6000,0x00007ff9f35f6000],  sp=0x00007ff9f35f43d0,  free space=1016k
Native frames: (J=compiled Java code, j=interpreted, Vv=VM code, C=native code)
V  [libjvm.so+0xad3455]  VMError::report_and_die()+0x2e5
V  [libjvm.so+0x4e0537]  report_vm_out_of_memory(char const*, int, unsigned long, VMErrorType, char const*)+0x67
V  [libjvm.so+0x910320]  os::pd_commit_memory(char*, unsigned long, unsigned long, bool)+0x100
V  [libjvm.so+0x90794f]  os::commit_memory(char*, unsigned long, unsigned long, bool)+0x1f
V  [libjvm.so+0x98c736]  PSVirtualSpace::expand_by(unsigned long)+0x56
V  [libjvm.so+0x97ba0b]  PSOldGen::expand_by(unsigned long) [clone .part.28]+0x1b
V  [libjvm.so+0x97bbc8]  PSOldGen::expand(unsigned long) [clone .part.29]+0xa8
V  [libjvm.so+0x97c771]  PSOldGen::resize(unsigned long)+0xe1
V  [libjvm.so+0x9828ac]  PSParallelCompact::invoke_no_policy(bool) [clone .part.118]+0xa2c
V  [libjvm.so+0x98a6c5]  PSScavenge::invoke()+0x215
V  [libjvm.so+0x93a248]  ParallelScavengeHeap::failed_mem_allocate(unsigned long)+0x68
V  [libjvm.so+0xad4fa3]  VM_ParallelGCFailedAllocation::doit()+0x93
V  [libjvm.so+0xada1c6]  VM_Operation::evaluate()+0x46
V  [libjvm.so+0xad84fd]  VMThread::evaluate_operation(VM_Operation*) [clone .constprop.44]+0xcd
V  [libjvm.so+0xad8ae3]  VMThread::loop()+0x3a3
V  [libjvm.so+0xad8eb8]  VMThread::run()+0x78
V  [libjvm.so+0x90d952]  java_start(Thread*)+0x102

VM_Operation (0x00007ff9d8bf7140): ParallelGCFailedAllocation, mode: safepoint, requested by thread 0x00007ff9b46ed000


---------------  P R O C E S S  ---------------

Java Threads: ( => current thread )
  0x00007ffa1800f000 JavaThread "DestroyJavaVM" [_thread_blocked, id=32009, stack(0x00007ffa20223000,0x00007ffa20323000)]
  0x00007ff9b4701000 JavaThread "http-nio-8080-Acceptor" daemon [_thread_in_native, id=32059, stack(0x00007ff9d80f0000,0x00007ff9d81f1000)]
  0x00007ff9b46ff000 JavaThread "http-nio-8080-ClientPoller" daemon [_thread_blocked, id=32058, stack(0x00007ff9d81f1000,0x00007ff9d82f2000)]
  0x00007ff9b46fd000 JavaThread "http-nio-8080-exec-10" daemon [_thread_blocked, id=32057, stack(0x00007ff9d82f2000,0x00007ff9d83f3000)]
  0x00007ff9b46fb000 JavaThread "http-nio-8080-exec-9" daemon [_thread_blocked, id=32056, stack(0x00007ff9d83f3000,0x00007ff9d84f4000)]
  0x00007ff9b46f9000 JavaThread "http-nio-8080-exec-8" daemon [_thread_blocked, id=32055, stack(0x00007ff9d84f4000,0x00007ff9d85f5000)]
  0x00007ff9b46f7000 JavaThread "http-nio-8080-exec-7" daemon [_thread_blocked, id=32054, stack(0x00007ff9d85f5000,0x00007ff9d86f6000)]
  0x00007ff9b46f5000 JavaThread "http-nio-8080-exec-6" daemon [_thread_blocked, id=32053, stack(0x00007ff9d86f6000,0x00007ff9d87f7000)]
  0x00007ff9b46f3000 JavaThread "http-nio-8080-exec-5" daemon [_thread_blocked, id=32052, stack(0x00007ff9d87f7000,0x00007ff9d88f8000)]
  0x00007ff9b46f1000 JavaThread "http-nio-8080-exec-4" daemon [_thread_blocked, id=32051, stack(0x00007ff9d88f8000,0x00007ff9d89f9000)]
  0x00007ff9b46ef000 JavaThread "http-nio-8080-exec-3" daemon [_thread_blocked, id=32050, stack(0x00007ff9d89f9000,0x00007ff9d8afa000)]
  0x00007ff9b46ed000 JavaThread "http-nio-8080-exec-2" daemon [_thread_blocked, id=32049, stack(0x00007ff9d8afa000,0x00007ff9d8bfb000)]
  0x00007ff9b46eb800 JavaThread "http-nio-8080-exec-1" daemon [_thread_blocked, id=32048, stack(0x00007ff9d8bfb000,0x00007ff9d8cfc000)]
  0x00007ff9b46ea800 JavaThread "http-nio-8080-BlockPoller" daemon [_thread_blocked, id=32047, stack(0x00007ff9d8dfd000,0x00007ff9d8efe000)]
  0x00007ff9b46c3800 JavaThread "Live Reload Server" daemon [_thread_in_native, id=32046, stack(0x00007ff9d8cfc000,0x00007ff9d8dfd000)]
  0x00007ff9b46bf000 JavaThread "File Watcher" daemon [_thread_blocked, id=32044, stack(0x00007ff9d8efe000,0x00007ff9d8fff000)]
  0x00007ff9b462b000 JavaThread "container-0" [_thread_blocked, id=32043, stack(0x00007ff9f0260000,0x00007ff9f0361000)]
  0x00007ff9b830c000 JavaThread "Catalina-utility-2" [_thread_blocked, id=32042, stack(0x00007ff9f0361000,0x00007ff9f0462000)]
  0x00007ff9b4628800 JavaThread "Catalina-utility-1" [_thread_blocked, id=32041, stack(0x00007ff9f14fa000,0x00007ff9f15fb000)]
  0x00007ffa1847a000 JavaThread "RMI TCP Accept-0" daemon [_thread_in_native, id=32029, stack(0x00007ff9f1afe000,0x00007ff9f1bff000)]
  0x00007ffa183a8800 JavaThread "Service Thread" daemon [_thread_blocked, id=32028, stack(0x00007ff9f2020000,0x00007ff9f2121000)]
  0x00007ffa183a5800 JavaThread "C1 CompilerThread2" daemon [_thread_blocked, id=32027, stack(0x00007ff9f2122000,0x00007ff9f2222000)]
  0x00007ffa183a3000 JavaThread "C2 CompilerThread1" daemon [_thread_blocked, id=32026, stack(0x00007ff9f2223000,0x00007ff9f2323000)]
  0x00007ffa183a1800 JavaThread "C2 CompilerThread0" daemon [_thread_blocked, id=32025, stack(0x00007ff9f253b000,0x00007ff9f263b000)]
  0x00007ffa1839f000 JavaThread "Monitor Ctrl-Break" daemon [_thread_in_native, id=32024, stack(0x00007ff9f263b000,0x00007ff9f273c000)]
  0x00007ffa18184800 JavaThread "Signal Dispatcher" daemon [_thread_blocked, id=32023, stack(0x00007ff9f2823000,0x00007ff9f2924000)]
  0x00007ffa18150800 JavaThread "Finalizer" daemon [_thread_blocked, id=32022, stack(0x00007ff9f32f3000,0x00007ff9f33f4000)]
  0x00007ffa1814e000 JavaThread "Reference Handler" daemon [_thread_blocked, id=32021, stack(0x00007ff9f33f4000,0x00007ff9f34f5000)]

Other Threads:
=>0x00007ffa18144000 VMThread [stack: 0x00007ff9f34f6000,0x00007ff9f35f6000] [id=32020]
  0x00007ffa18480800 WatcherThread [stack: 0x00007ff9f19fe000,0x00007ff9f1afe000] [id=32030]

VM state:at safepoint (normal execution)

VM Mutex/Monitor currently owned by a thread:  ([mutex/lock_event])
[0x00007ffa1800af50] ExpandHeap_lock - owner thread: 0x00007ffa18144000
[0x00007ffa1800b5d0] Threads_lock - owner thread: 0x00007ffa18144000
[0x00007ffa1800bad0] Heap_lock - owner thread: 0x00007ff9b46ed000

heap address: 0x0000000083400000, size: 1996 MB, Compressed Oops mode: 32-bit
Narrow klass base: 0x0000000000000000, Narrow klass shift: 3
Compressed class space size: 1073741824 Address: 0x0000000100000000

Heap:
 PSYoungGen      total 442368K, used 59291K [0x00000000d6700000, 0x0000000100000000, 0x0000000100000000)
  eden space 288256K, 0% used [0x00000000d6700000,0x00000000d6700000,0x00000000e8080000)
  from space 154112K, 38% used [0x00000000e8080000,0x00000000eba66ef8,0x00000000f1700000)
  to   space 206848K, 0% used [0x00000000f3600000,0x00000000f3600000,0x0000000100000000)
 ParOldGen       total 537088K, used 536777K [0x0000000083400000, 0x00000000a4080000, 0x00000000d6700000)
  object space 537088K, 99% used [0x0000000083400000,0x00000000a4032560,0x00000000a4080000)
 Metaspace       used 32186K, capacity 33910K, committed 34176K, reserved 1079296K
  class space    used 4294K, capacity 4637K, committed 4736K, reserved 1048576K

Card table byte_map: [0x00007ffa1c90b000,0x00007ffa1ccf2000] byte_map_base: 0x00007ffa1c4f1000

Marking Bits: (ParMarkBitMap*) 0x00007ffa1f6cad80
 Begin Bits: [0x00007ffa051a0000, 0x00007ffa070d0000)
 End Bits:   [0x00007ffa070d0000, 0x00007ffa09000000)

Polling page: 0x00007ffa2033a000

CodeCache: size=245760Kb used=6320Kb max_used=6322Kb free=239440Kb
 bounds [0x00007ffa09000000, 0x00007ffa09630000, 0x00007ffa18000000]
 total_blobs=3465 nmethods=3029 adapters=347
 compilation: enabled

Compilation events (10 events):
Event: 9,617 Thread 0x00007ffa183a5800 3027       1       com.gok.waybill.waybillservice.utils.fakedata.RandomGenerator::randomCategoryMachineList (83 bytes)
Event: 9,618 Thread 0x00007ffa183a5800 nmethod 3027 0x00007ffa09629450 code [0x00007ffa09629640, 0x00007ffa09629e08]
Event: 9,872 Thread 0x00007ffa183a5800 3028   !   1       java.util.zip.ZipFile::close (223 bytes)
Event: 9,873 Thread 0x00007ffa183a5800 nmethod 3028 0x00007ffa0962a4d0 code [0x00007ffa0962a720, 0x00007ffa0962b228]
Event: 9,873 Thread 0x00007ffa183a5800 3029   !   1       java.util.zip.Inflater::end (50 bytes)
Event: 9,873 Thread 0x00007ffa183a5800 nmethod 3029 0x00007ffa0962bc90 code [0x00007ffa0962be00, 0x00007ffa0962c128]
Event: 10,783 Thread 0x00007ffa183a5800 3030       1       java.util.HashSet::add (20 bytes)
Event: 10,783 Thread 0x00007ffa183a5800 nmethod 3030 0x00007ffa0962c2d0 code [0x00007ffa0962c440, 0x00007ffa0962c5a8]
Event: 12,076 Thread 0x00007ffa183a5800 3031       1       java.lang.Long::hashCode (8 bytes)
Event: 12,076 Thread 0x00007ffa183a5800 nmethod 3031 0x00007ffa0962c610 code [0x00007ffa0962c760, 0x00007ffa0962c850]

GC Heap History (10 events):
Event: 10,942 GC heap after
Heap after GC invocations=13 (full 3):
 PSYoungGen      total 336896K, used 110587K [0x00000000d6700000, 0x00000000f5100000, 0x0000000100000000)
  eden space 226304K, 0% used [0x00000000d6700000,0x00000000d6700000,0x00000000e4400000)
  from space 110592K, 99% used [0x00000000ede00000,0x00000000f49fec08,0x00000000f4a00000)
  to   space 137728K, 0% used [0x00000000e4400000,0x00000000e4400000,0x00000000eca80000)
 ParOldGen       total 324608K, used 192559K [0x0000000083400000, 0x0000000097100000, 0x00000000d6700000)
  object space 324608K, 59% used [0x0000000083400000,0x000000008f00bdd8,0x0000000097100000)
 Metaspace       used 32186K, capacity 33910K, committed 34176K, reserved 1079296K
  class space    used 4294K, capacity 4637K, committed 4736K, reserved 1048576K
}
Event: 11,023 GC heap before
{Heap before GC invocations=14 (full 3):
 PSYoungGen      total 336896K, used 336891K [0x00000000d6700000, 0x00000000f5100000, 0x0000000100000000)
  eden space 226304K, 100% used [0x00000000d6700000,0x00000000e4400000,0x00000000e4400000)
  from space 110592K, 99% used [0x00000000ede00000,0x00000000f49fec08,0x00000000f4a00000)
  to   space 137728K, 0% used [0x00000000e4400000,0x00000000e4400000,0x00000000eca80000)
 ParOldGen       total 324608K, used 192559K [0x0000000083400000, 0x0000000097100000, 0x00000000d6700000)
  object space 324608K, 59% used [0x0000000083400000,0x000000008f00bdd8,0x0000000097100000)
 Metaspace       used 32186K, capacity 33910K, committed 34176K, reserved 1079296K
  class space    used 4294K, capacity 4637K, committed 4736K, reserved 1048576K
Event: 11,132 GC heap after
Heap after GC invocations=14 (full 3):
 PSYoungGen      total 364032K, used 102360K [0x00000000d6700000, 0x00000000fb380000, 0x0000000100000000)
  eden space 226304K, 0% used [0x00000000d6700000,0x00000000d6700000,0x00000000e4400000)
  from space 137728K, 74% used [0x00000000e4400000,0x00000000ea7f6200,0x00000000eca80000)
  to   space 148992K, 0% used [0x00000000f2200000,0x00000000f2200000,0x00000000fb380000)
 ParOldGen       total 324608K, used 292735K [0x0000000083400000, 0x0000000097100000, 0x00000000d6700000)
  object space 324608K, 90% used [0x0000000083400000,0x00000000951dfdd8,0x0000000097100000)
 Metaspace       used 32186K, capacity 33910K, committed 34176K, reserved 1079296K
  class space    used 4294K, capacity 4637K, committed 4736K, reserved 1048576K
}
Event: 11,132 GC heap before
{Heap before GC invocations=15 (full 4):
 PSYoungGen      total 364032K, used 102360K [0x00000000d6700000, 0x00000000fb380000, 0x0000000100000000)
  eden space 226304K, 0% used [0x00000000d6700000,0x00000000d6700000,0x00000000e4400000)
  from space 137728K, 74% used [0x00000000e4400000,0x00000000ea7f6200,0x00000000eca80000)
  to   space 148992K, 0% used [0x00000000f2200000,0x00000000f2200000,0x00000000fb380000)
 ParOldGen       total 324608K, used 292735K [0x0000000083400000, 0x0000000097100000, 0x00000000d6700000)
  object space 324608K, 90% used [0x0000000083400000,0x00000000951dfdd8,0x0000000097100000)
 Metaspace       used 32186K, capacity 33910K, committed 34176K, reserved 1079296K
  class space    used 4294K, capacity 4637K, committed 4736K, reserved 1048576K
Event: 12,075 GC heap after
Heap after GC invocations=15 (full 4):
 PSYoungGen      total 364032K, used 62814K [0x00000000d6700000, 0x00000000fb380000, 0x0000000100000000)
  eden space 226304K, 0% used [0x00000000d6700000,0x00000000d6700000,0x00000000e4400000)
  from space 137728K, 45% used [0x00000000e4400000,0x00000000e8157980,0x00000000eca80000)
  to   space 148992K, 0% used [0x00000000f2200000,0x00000000f2200000,0x00000000fb380000)
 ParOldGen       total 537088K, used 324528K [0x0000000083400000, 0x00000000a4080000, 0x00000000d6700000)
  object space 537088K, 60% used [0x0000000083400000,0x00000000970ec3f0,0x00000000a4080000)
 Metaspace       used 32186K, capacity 33910K, committed 34176K, reserved 1079296K
  class space    used 4294K, capacity 4637K, committed 4736K, reserved 1048576K
}
Event: 12,160 GC heap before
{Heap before GC invocations=16 (full 4):
 PSYoungGen      total 364032K, used 289118K [0x00000000d6700000, 0x00000000fb380000, 0x0000000100000000)
  eden space 226304K, 100% used [0x00000000d6700000,0x00000000e4400000,0x00000000e4400000)
  from space 137728K, 45% used [0x00000000e4400000,0x00000000e8157980,0x00000000eca80000)
  to   space 148992K, 0% used [0x00000000f2200000,0x00000000f2200000,0x00000000fb380000)
 ParOldGen       total 537088K, used 324528K [0x0000000083400000, 0x00000000a4080000, 0x00000000d6700000)
  object space 537088K, 60% used [0x0000000083400000,0x00000000970ec3f0,0x00000000a4080000)
 Metaspace       used 32186K, capacity 33910K, committed 34176K, reserved 1079296K
  class space    used 4294K, capacity 4637K, committed 4736K, reserved 1048576K
Event: 12,492 GC heap after
Heap after GC invocations=16 (full 4):
 PSYoungGen      total 431104K, used 92608K [0x00000000d6700000, 0x00000000fad80000, 0x0000000100000000)
  eden space 288256K, 0% used [0x00000000d6700000,0x00000000d6700000,0x00000000e8080000)
  from space 142848K, 64% used [0x00000000f2200000,0x00000000f7c70000,0x00000000fad80000)
  to   space 154112K, 0% used [0x00000000e8080000,0x00000000e8080000,0x00000000f1700000)
 ParOldGen       total 537088K, used 387616K [0x0000000083400000, 0x00000000a4080000, 0x00000000d6700000)
  object space 537088K, 72% used [0x0000000083400000,0x000000009ae883f0,0x00000000a4080000)
 Metaspace       used 32186K, capacity 33910K, committed 34176K, reserved 1079296K
  class space    used 4294K, capacity 4637K, committed 4736K, reserved 1048576K
}
Event: 12,601 GC heap before
{Heap before GC invocations=17 (full 4):
 PSYoungGen      total 431104K, used 380864K [0x00000000d6700000, 0x00000000fad80000, 0x0000000100000000)
  eden space 288256K, 100% used [0x00000000d6700000,0x00000000e8080000,0x00000000e8080000)
  from space 142848K, 64% used [0x00000000f2200000,0x00000000f7c70000,0x00000000fad80000)
  to   space 154112K, 0% used [0x00000000e8080000,0x00000000e8080000,0x00000000f1700000)
 ParOldGen       total 537088K, used 387616K [0x0000000083400000, 0x00000000a4080000, 0x00000000d6700000)
  object space 537088K, 72% used [0x0000000083400000,0x000000009ae883f0,0x00000000a4080000)
 Metaspace       used 32186K, capacity 33910K, committed 34176K, reserved 1079296K
  class space    used 4294K, capacity 4637K, committed 4736K, reserved 1048576K
Event: 12,750 GC heap after
Heap after GC invocations=17 (full 4):
 PSYoungGen      total 442368K, used 154084K [0x00000000d6700000, 0x0000000100000000, 0x0000000100000000)
  eden space 288256K, 0% used [0x00000000d6700000,0x00000000d6700000,0x00000000e8080000)
  from space 154112K, 99% used [0x00000000e8080000,0x00000000f16f92f0,0x00000000f1700000)
  to   space 206848K, 0% used [0x00000000f3600000,0x00000000f3600000,0x0000000100000000)
 ParOldGen       total 537088K, used 458712K [0x0000000083400000, 0x00000000a4080000, 0x00000000d6700000)
  object space 537088K, 85% used [0x0000000083400000,0x000000009f3f63f0,0x00000000a4080000)
 Metaspace       used 32186K, capacity 33910K, committed 34176K, reserved 1079296K
  class space    used 4294K, capacity 4637K, committed 4736K, reserved 1048576K
}
Event: 12,750 GC heap before
{Heap before GC invocations=18 (full 5):
 PSYoungGen      total 442368K, used 154084K [0x00000000d6700000, 0x0000000100000000, 0x0000000100000000)
  eden space 288256K, 0% used [0x00000000d6700000,0x00000000d6700000,0x00000000e8080000)
  from space 154112K, 99% used [0x00000000e8080000,0x00000000f16f92f0,0x00000000f1700000)
  to   space 206848K, 0% used [0x00000000f3600000,0x00000000f3600000,0x0000000100000000)
 ParOldGen       total 537088K, used 458712K [0x0000000083400000, 0x00000000a4080000, 0x00000000d6700000)
  object space 537088K, 85% used [0x0000000083400000,0x000000009f3f63f0,0x00000000a4080000)
 Metaspace       used 32186K, capacity 33910K, committed 34176K, reserved 1079296K
  class space    used 4294K, capacity 4637K, committed 4736K, reserved 1048576K

Deoptimization events (0 events):
No events

Classes redefined (0 events):
No events

Internal exceptions (10 events):
Event: 4,489 Thread 0x00007ff9c0003800 Exception <a 'java/lang/ArrayIndexOutOfBoundsException'> (0x00000000dbaefa68) thrown at [/HUDSON/workspace/8-2-build-linux-amd64/jdk8u211/12973/hotspot/src/share/vm/runtime/sharedRuntime.cpp, line 605]
Event: 4,575 Thread 0x00007ff9c0003800 Exception <a 'java/lang/ArrayIndexOutOfBoundsException'> (0x00000000dc0ac1e0) thrown at [/HUDSON/workspace/8-2-build-linux-amd64/jdk8u211/12973/hotspot/src/share/vm/runtime/sharedRuntime.cpp, line 605]
Event: 4,575 Thread 0x00007ff9c0003800 Exception <a 'java/lang/ArrayIndexOutOfBoundsException'> (0x00000000dc0ad1a0) thrown at [/HUDSON/workspace/8-2-build-linux-amd64/jdk8u211/12973/hotspot/src/share/vm/runtime/sharedRuntime.cpp, line 605]
Event: 4,575 Thread 0x00007ff9c0003800 Exception <a 'java/lang/ArrayIndexOutOfBoundsException'> (0x00000000dc0af208) thrown at [/HUDSON/workspace/8-2-build-linux-amd64/jdk8u211/12973/hotspot/src/share/vm/runtime/sharedRuntime.cpp, line 605]
Event: 4,575 Thread 0x00007ff9c0003800 Exception <a 'java/lang/ArrayIndexOutOfBoundsException'> (0x00000000dc0b1080) thrown at [/HUDSON/workspace/8-2-build-linux-amd64/jdk8u211/12973/hotspot/src/share/vm/runtime/sharedRuntime.cpp, line 605]
Event: 4,575 Thread 0x00007ff9c0003800 Exception <a 'java/lang/ArrayIndexOutOfBoundsException'> (0x00000000dc0b3228) thrown at [/HUDSON/workspace/8-2-build-linux-amd64/jdk8u211/12973/hotspot/src/share/vm/runtime/sharedRuntime.cpp, line 605]
Event: 8,726 Thread 0x00007ff9b46eb800 Exception <a 'java/lang/ArrayIndexOutOfBoundsException'> (0x00000000d7337050) thrown at [/HUDSON/workspace/8-2-build-linux-amd64/jdk8u211/12973/hotspot/src/share/vm/runtime/sharedRuntime.cpp, line 605]
Event: 8,733 Thread 0x00007ff9b46eb800 Exception <a 'java/lang/ArrayIndexOutOfBoundsException'> (0x00000000d736d4b0) thrown at [/HUDSON/workspace/8-2-build-linux-amd64/jdk8u211/12973/hotspot/src/share/vm/runtime/sharedRuntime.cpp, line 605]
Event: 8,733 Thread 0x00007ff9b46eb800 Exception <a 'java/lang/ArrayIndexOutOfBoundsException'> (0x00000000d736ea58) thrown at [/HUDSON/workspace/8-2-build-linux-amd64/jdk8u211/12973/hotspot/src/share/vm/runtime/sharedRuntime.cpp, line 605]
Event: 8,744 Thread 0x00007ff9b46eb800 Exception <a 'java/lang/NoSuchMethodError': java.lang.Object.lambda$thenComparing$36697e65$1(Ljava/util/Comparator;Ljava/lang/Object;Ljava/lang/Object;)I> (0x00000000d740ba48) thrown at [/HUDSON/workspace/8-2-build-linux-amd64/jdk8u211/12973/hotspot/src/s

Events (10 events):
Event: 10,749 Executing VM operation: ParallelGCFailedAllocation done
Event: 10,824 Executing VM operation: ParallelGCFailedAllocation
Event: 10,942 Executing VM operation: ParallelGCFailedAllocation done
Event: 11,023 Executing VM operation: ParallelGCFailedAllocation
Event: 12,075 Executing VM operation: ParallelGCFailedAllocation done
Event: 12,076 Thread 0x00007ffa183a5800 flushing nmethod 0x00007ffa09116f50
Event: 12,076 Thread 0x00007ffa183a5800 flushing nmethod 0x00007ffa09117350
Event: 12,160 Executing VM operation: ParallelGCFailedAllocation
Event: 12,492 Executing VM operation: ParallelGCFailedAllocation done
Event: 12,601 Executing VM operation: ParallelGCFailedAllocation


Dynamic libraries:
00400000-00401000 r-xp 00000000 08:01 1465253                            /opt/jdk1.8.0_211/bin/java
00600000-00601000 r--p 00000000 08:01 1465253                            /opt/jdk1.8.0_211/bin/java
00601000-00602000 rw-p 00001000 08:01 1465253                            /opt/jdk1.8.0_211/bin/java
01f25000-01f46000 rw-p 00000000 00:00 0                                  [heap]
83400000-a4080000 rw-p 00000000 00:00 0 
b4100000-d6700000 ---p 00000000 00:00 0 
d6700000-100000000 rw-p 00000000 00:00 0 
100000000-1004a0000 rw-p 00000000 00:00 0 
1004a0000-140000000 ---p 00000000 00:00 0 
7ff983e00000-7ff983ec0000 rw-p 00000000 00:00 0 
7ff983ec0000-7ff984000000 ---p 00000000 00:00 0 
7ff984000000-7ff984021000 rw-p 00000000 00:00 0 
7ff984021000-7ff988000000 ---p 00000000 00:00 0 
7ff988000000-7ff988021000 rw-p 00000000 00:00 0 
7ff988021000-7ff98c000000 ---p 00000000 00:00 0 
7ff98c000000-7ff98c021000 rw-p 00000000 00:00 0 
7ff98c021000-7ff990000000 ---p 00000000 00:00 0 
7ff990000000-7ff990021000 rw-p 00000000 00:00 0 
7ff990021000-7ff994000000 ---p 00000000 00:00 0 
7ff994000000-7ff994021000 rw-p 00000000 00:00 0 
7ff994021000-7ff998000000 ---p 00000000 00:00 0 
7ff998000000-7ff998021000 rw-p 00000000 00:00 0 
7ff998021000-7ff99c000000 ---p 00000000 00:00 0 
7ff99c000000-7ff99c021000 rw-p 00000000 00:00 0 
7ff99c021000-7ff9a0000000 ---p 00000000 00:00 0 
7ff9a0000000-7ff9a006e000 rw-p 00000000 00:00 0 
7ff9a006e000-7ff9a4000000 ---p 00000000 00:00 0 
7ff9a4000000-7ff9a4021000 rw-p 00000000 00:00 0 
7ff9a4021000-7ff9a8000000 ---p 00000000 00:00 0 
7ff9a8000000-7ff9a8021000 rw-p 00000000 00:00 0 
7ff9a8021000-7ff9ac000000 ---p 00000000 00:00 0 
7ff9ac000000-7ff9ac021000 rw-p 00000000 00:00 0 
7ff9ac021000-7ff9b0000000 ---p 00000000 00:00 0 
7ff9b0000000-7ff9b0021000 rw-p 00000000 00:00 0 
7ff9b0021000-7ff9b4000000 ---p 00000000 00:00 0 
7ff9b4000000-7ff9b486e000 rw-p 00000000 00:00 0 
7ff9b486e000-7ff9b8000000 ---p 00000000 00:00 0 
7ff9b8000000-7ff9b830d000 rw-p 00000000 00:00 0 
7ff9b830d000-7ff9bc000000 ---p 00000000 00:00 0 
7ff9bc000000-7ff9bc021000 rw-p 00000000 00:00 0 
7ff9bc021000-7ff9c0000000 ---p 00000000 00:00 0 
7ff9c0000000-7ff9c0021000 rw-p 00000000 00:00 0 
7ff9c0021000-7ff9c4000000 ---p 00000000 00:00 0 
7ff9c4000000-7ff9c4021000 rw-p 00000000 00:00 0 
7ff9c4021000-7ff9c8000000 ---p 00000000 00:00 0 
7ff9c8000000-7ff9c8021000 rw-p 00000000 00:00 0 
7ff9c8021000-7ff9cc000000 ---p 00000000 00:00 0 
7ff9cc000000-7ff9cc021000 rw-p 00000000 00:00 0 
7ff9cc021000-7ff9d0000000 ---p 00000000 00:00 0 
7ff9d0000000-7ff9d0666000 rw-p 00000000 00:00 0 
7ff9d0666000-7ff9d4000000 ---p 00000000 00:00 0 
7ff9d4000000-7ff9d404e000 rw-p 00000000 00:00 0 
7ff9d404e000-7ff9d8000000 ---p 00000000 00:00 0 
7ff9d80f0000-7ff9d80f3000 ---p 00000000 00:00 0 
7ff9d80f3000-7ff9d81f1000 rw-p 00000000 00:00 0 
7ff9d81f1000-7ff9d81f4000 ---p 00000000 00:00 0 
7ff9d81f4000-7ff9d82f2000 rw-p 00000000 00:00 0 
7ff9d82f2000-7ff9d82f5000 ---p 00000000 00:00 0 
7ff9d82f5000-7ff9d83f3000 rw-p 00000000 00:00 0 
7ff9d83f3000-7ff9d83f6000 ---p 00000000 00:00 0 
7ff9d83f6000-7ff9d84f4000 rw-p 00000000 00:00 0 
7ff9d84f4000-7ff9d84f7000 ---p 00000000 00:00 0 
7ff9d84f7000-7ff9d85f5000 rw-p 00000000 00:00 0 
7ff9d85f5000-7ff9d85f8000 ---p 00000000 00:00 0 
7ff9d85f8000-7ff9d86f6000 rw-p 00000000 00:00 0 
7ff9d86f6000-7ff9d86f9000 ---p 00000000 00:00 0 
7ff9d86f9000-7ff9d87f7000 rw-p 00000000 00:00 0 
7ff9d87f7000-7ff9d87fa000 ---p 00000000 00:00 0 
7ff9d87fa000-7ff9d88f8000 rw-p 00000000 00:00 0 
7ff9d88f8000-7ff9d88fb000 ---p 00000000 00:00 0 
7ff9d88fb000-7ff9d89f9000 rw-p 00000000 00:00 0 
7ff9d89f9000-7ff9d89fc000 ---p 00000000 00:00 0 
7ff9d89fc000-7ff9d8afa000 rw-p 00000000 00:00 0 
7ff9d8afa000-7ff9d8afd000 ---p 00000000 00:00 0 
7ff9d8afd000-7ff9d8bfb000 rw-p 00000000 00:00 0 
7ff9d8bfb000-7ff9d8bfe000 ---p 00000000 00:00 0 
7ff9d8bfe000-7ff9d8cfc000 rw-p 00000000 00:00 0 
7ff9d8cfc000-7ff9d8cff000 ---p 00000000 00:00 0 
7ff9d8cff000-7ff9d8dfd000 rw-p 00000000 00:00 0 
7ff9d8dfd000-7ff9d8e00000 ---p 00000000 00:00 0 
7ff9d8e00000-7ff9d8efe000 rw-p 00000000 00:00 0 
7ff9d8efe000-7ff9d8f01000 ---p 00000000 00:00 0 
7ff9d8f01000-7ff9dc000000 rw-p 00000000 00:00 0 
7ff9dc000000-7ff9dc021000 rw-p 00000000 00:00 0 
7ff9dc021000-7ff9e0000000 ---p 00000000 00:00 0 
7ff9e0000000-7ff9e0021000 rw-p 00000000 00:00 0 
7ff9e0021000-7ff9e4000000 ---p 00000000 00:00 0 
7ff9e4000000-7ff9e4021000 rw-p 00000000 00:00 0 
7ff9e4021000-7ff9e8000000 ---p 00000000 00:00 0 
7ff9e8000000-7ff9e8021000 rw-p 00000000 00:00 0 
7ff9e8021000-7ff9ec000000 ---p 00000000 00:00 0 
7ff9ec000000-7ff9ec29c000 rw-p 00000000 00:00 0 
7ff9ec29c000-7ff9f0000000 ---p 00000000 00:00 0 
7ff9f0060000-7ff9f0260000 rw-p 00000000 00:00 0 
7ff9f0260000-7ff9f0263000 ---p 00000000 00:00 0 
7ff9f0263000-7ff9f0361000 rw-p 00000000 00:00 0 
7ff9f0361000-7ff9f0364000 ---p 00000000 00:00 0 
7ff9f0364000-7ff9f0662000 rw-p 00000000 00:00 0 
7ff9f0662000-7ff9f0665000 r--s 0001a000 08:01 1465367                    /opt/jdk1.8.0_211/jre/lib/jce.jar
7ff9f0665000-7ff9f0865000 rw-p 00000000 00:00 0 
7ff9f0865000-7ff9f0a65000 rw-p 00000000 00:00 0 
7ff9f0a65000-7ff9f0c65000 rw-p 00000000 00:00 0 
7ff9f0c65000-7ff9f0e65000 rw-p 00000000 00:00 0 
7ff9f0e65000-7ff9f1065000 rw-p 00000000 00:00 0 
7ff9f1065000-7ff9f1265000 rw-p 00000000 00:00 0 
7ff9f1265000-7ff9f12fa000 r--s 01112000 08:01 1465439                    /opt/jdk1.8.0_211/jre/lib/ext/jfxrt.jar
7ff9f12fa000-7ff9f14fa000 rw-p 00000000 00:00 0 
7ff9f14fa000-7ff9f14fd000 ---p 00000000 00:00 0 
7ff9f14fd000-7ff9f15fb000 rw-p 00000000 00:00 0 
7ff9f15fb000-7ff9f15fe000 ---p 00000000 00:00 0 
7ff9f15fe000-7ff9f16fc000 rw-p 00000000 00:00 0 
7ff9f16fc000-7ff9f16ff000 ---p 00000000 00:00 0 
7ff9f16ff000-7ff9f19fd000 rw-p 00000000 00:00 0 
7ff9f19fd000-7ff9f19fe000 ---p 00000000 00:00 0 
7ff9f19fe000-7ff9f1afe000 rw-p 00000000 00:00 0 
7ff9f1afe000-7ff9f1b01000 ---p 00000000 00:00 0 
7ff9f1b01000-7ff9f1bff000 rw-p 00000000 00:00 0 
7ff9f1bff000-7ff9f1c04000 r--s 000a3000 08:01 1465446                    /opt/jdk1.8.0_211/jre/lib/jsse.jar
7ff9f1c04000-7ff9f1c15000 r-xp 00000000 08:01 1465540                    /opt/jdk1.8.0_211/jre/lib/amd64/libnio.so
7ff9f1c15000-7ff9f1e14000 ---p 00011000 08:01 1465540                    /opt/jdk1.8.0_211/jre/lib/amd64/libnio.so
7ff9f1e14000-7ff9f1e15000 r--p 00010000 08:01 1465540                    /opt/jdk1.8.0_211/jre/lib/amd64/libnio.so
7ff9f1e15000-7ff9f1e16000 rw-p 00011000 08:01 1465540                    /opt/jdk1.8.0_211/jre/lib/amd64/libnio.so
7ff9f1e16000-7ff9f1e1f000 r-xp 00000000 08:01 1465483                    /opt/jdk1.8.0_211/jre/lib/amd64/libmanagement.so
7ff9f1e1f000-7ff9f201e000 ---p 00009000 08:01 1465483                    /opt/jdk1.8.0_211/jre/lib/amd64/libmanagement.so
7ff9f201e000-7ff9f201f000 r--p 00008000 08:01 1465483                    /opt/jdk1.8.0_211/jre/lib/amd64/libmanagement.so
7ff9f201f000-7ff9f2020000 rw-p 00009000 08:01 1465483                    /opt/jdk1.8.0_211/jre/lib/amd64/libmanagement.so
7ff9f2020000-7ff9f2023000 ---p 00000000 00:00 0 
7ff9f2023000-7ff9f2121000 rw-p 00000000 00:00 0 
7ff9f2121000-7ff9f2122000 ---p 00000000 00:00 0 
7ff9f2122000-7ff9f2125000 ---p 00000000 00:00 0 
7ff9f2125000-7ff9f2222000 rw-p 00000000 00:00 0 
7ff9f2222000-7ff9f2223000 ---p 00000000 00:00 0 
7ff9f2223000-7ff9f2226000 ---p 00000000 00:00 0 
7ff9f2226000-7ff9f2323000 rw-p 00000000 00:00 0 
7ff9f2323000-7ff9f2339000 r-xp 00000000 08:01 1465482                    /opt/jdk1.8.0_211/jre/lib/amd64/libnet.so
7ff9f2339000-7ff9f2538000 ---p 00016000 08:01 1465482                    /opt/jdk1.8.0_211/jre/lib/amd64/libnet.so
7ff9f2538000-7ff9f2539000 r--p 00015000 08:01 1465482                    /opt/jdk1.8.0_211/jre/lib/amd64/libnet.so
7ff9f2539000-7ff9f253a000 rw-p 00016000 08:01 1465482                    /opt/jdk1.8.0_211/jre/lib/amd64/libnet.so
7ff9f253a000-7ff9f253b000 ---p 00000000 00:00 0 
7ff9f253b000-7ff9f253e000 ---p 00000000 00:00 0 
7ff9f253e000-7ff9f263b000 rw-p 00000000 00:00 0 
7ff9f263b000-7ff9f263e000 ---p 00000000 00:00 0 
7ff9f263e000-7ff9f273c000 rw-p 00000000 00:00 0 
7ff9f273c000-7ff9f273e000 r--s 0001b000 08:01 532501                     /opt/ideaIU-2019.1.3/idea-IU-191.7479.19/lib/idea_rt.jar
7ff9f273e000-7ff9f273f000 r--s 00005000 08:01 1197853                    /home/vvator/.m2/repository/org/springframework/spring-jcl/5.1.8.RELEASE/spring-jcl-5.1.8.RELEASE.jar
7ff9f273f000-7ff9f2758000 r--s 00123000 08:01 1197840                    /home/vvator/.m2/repository/org/springframework/spring-core/5.1.8.RELEASE/spring-core-5.1.8.RELEASE.jar
7ff9f2758000-7ff9f275a000 r--s 00009000 08:01 1325303                    /home/vvator/.m2/repository/org/slf4j/slf4j-api/1.7.26/slf4j-api-1.7.26.jar
7ff9f275a000-7ff9f2771000 r--s 00190000 08:01 681758                     /home/vvator/.m2/repository/org/projectlombok/lombok/1.18.8/lombok-1.18.8.jar
7ff9f2771000-7ff9f2795000 r--s 00110000 08:01 1197864                    /home/vvator/.m2/repository/org/springframework/boot/spring-boot-autoconfigure/2.1.6.RELEASE/spring-boot-autoconfigure-2.1.6.RELEASE.jar
7ff9f2795000-7ff9f27aa000 r--s 000d4000 08:01 1197851                    /home/vvator/.m2/repository/org/springframework/boot/spring-boot/2.1.6.RELEASE/spring-boot-2.1.6.RELEASE.jar
7ff9f27aa000-7ff9f27b0000 r--s 0002e000 08:01 671056                     /home/vvator/.m2/repository/org/springframework/boot/spring-boot-devtools/2.1.6.RELEASE/spring-boot-devtools-2.1.6.RELEASE.jar
7ff9f27b0000-7ff9f27b5000 r--s 00040000 08:01 1197842                    /home/vvator/.m2/repository/org/springframework/spring-expression/5.1.8.RELEASE/spring-expression-5.1.8.RELEASE.jar
7ff9f27b5000-7ff9f27cf000 r--s 000f4000 08:01 1197877                    /home/vvator/.m2/repository/org/springframework/spring-context/5.1.8.RELEASE/spring-context-5.1.8.RELEASE.jar
7ff9f27cf000-7ff9f27de000 r--s 000b5000 08:01 1197841                    /home/vvator/.m2/repository/org/springframework/spring-webmvc/5.1.8.RELEASE/spring-webmvc-5.1.8.RELEASE.jar
7ff9f27de000-7ff9f27ea000 r--s 00099000 08:01 1197881                    /home/vvator/.m2/repository/org/springframework/spring-beans/5.1.8.RELEASE/spring-beans-5.1.8.RELEASE.jar
7ff9f27ea000-7ff9f2806000 r--s 00137000 08:01 1197860                    /home/vvator/.m2/repository/org/springframework/spring-web/5.1.8.RELEASE/spring-web-5.1.8.RELEASE.jar
7ff9f2806000-7ff9f2823000 r--s 000fe000 08:01 1325277                    /home/vvator/.m2/repository/org/hibernate/validator/hibernate-validator/6.0.17.Final/hibernate-validator-6.0.17.Final.jar
7ff9f2823000-7ff9f2826000 ---p 00000000 00:00 0 
7ff9f2826000-7ff9f2924000 rw-p 00000000 00:00 0 
7ff9f2924000-7ff9f32f3000 r--p 00000000 08:01 793286                     /usr/lib/locale/locale-archive
7ff9f32f3000-7ff9f32f6000 ---p 00000000 00:00 0 
7ff9f32f6000-7ff9f33f4000 rw-p 00000000 00:00 0 
7ff9f33f4000-7ff9f33f7000 ---p 00000000 00:00 0 
7ff9f33f7000-7ff9f34f5000 rw-p 00000000 00:00 0 
7ff9f34f5000-7ff9f34f6000 ---p 00000000 00:00 0 
7ff9f34f6000-7ff9f4000000 rw-p 00000000 00:00 0 
7ff9f4000000-7ff9f4021000 rw-p 00000000 00:00 0 
7ff9f4021000-7ff9f8000000 ---p 00000000 00:00 0 
7ff9f8000000-7ff9f8733000 rw-p 00000000 00:00 0 
7ff9f8733000-7ff9fc000000 ---p 00000000 00:00 0 
7ff9fc000000-7ff9fc84d000 rw-p 00000000 00:00 0 
7ff9fc84d000-7ffa00000000 ---p 00000000 00:00 0 
7ffa00000000-7ffa0026a000 rw-p 00000000 00:00 0 
7ffa0026a000-7ffa04000000 ---p 00000000 00:00 0 
7ffa04000000-7ffa0400a000 r--s 00051000 08:01 1197879                    /home/vvator/.m2/repository/org/springframework/spring-aop/5.1.8.RELEASE/spring-aop-5.1.8.RELEASE.jar
7ffa0400a000-7ffa0400c000 r--s 0000f000 08:01 672231                     /home/vvator/.m2/repository/com/fasterxml/classmate/1.4.0/classmate-1.4.0.jar
7ffa0400c000-7ffa0400e000 r--s 0000f000 08:01 1325281                    /home/vvator/.m2/repository/org/jboss/logging/jboss-logging/3.3.2.Final/jboss-logging-3.3.2.Final.jar
7ffa0400e000-7ffa04013000 r--s 00012000 08:01 1325279                    /home/vvator/.m2/repository/javax/validation/validation-api/2.0.1.Final/validation-api-2.0.1.Final.jar
7ffa04013000-7ffa04018000 r--s 0003c000 08:01 1325272                    /home/vvator/.m2/repository/org/apache/tomcat/embed/tomcat-embed-websocket/9.0.21/tomcat-embed-websocket-9.0.21.jar
7ffa04018000-7ffa0401d000 r--s 00039000 08:01 1066024                    /home/vvator/.m2/repository/org/apache/tomcat/embed/tomcat-embed-el/9.0.21/tomcat-embed-el-9.0.21.jar
7ffa0401d000-7ffa04048000 r--s 00306000 08:01 1066026                    /home/vvator/.m2/repository/org/apache/tomcat/embed/tomcat-embed-core/9.0.21/tomcat-embed-core-9.0.21.jar
7ffa04048000-7ffa04049000 r--s 00000000 08:01 1325266                    /home/vvator/.m2/repository/org/springframework/boot/spring-boot-starter-tomcat/2.1.6.RELEASE/spring-boot-starter-tomcat-2.1.6.RELEASE.jar
7ffa04049000-7ffa0404b000 r--s 00001000 08:01 1065700                    /home/vvator/.m2/repository/com/fasterxml/jackson/module/jackson-module-parameter-names/2.9.9/jackson-module-parameter-names-2.9.9.jar
7ffa0404b000-7ffa0404e000 r--s 00016000 08:01 939505                     /home/vvator/.m2/repository/com/fasterxml/jackson/datatype/jackson-datatype-jsr310/2.9.9/jackson-datatype-jsr310-2.9.9.jar
7ffa0404e000-7ffa04050000 r--s 00007000 08:01 939501                     /home/vvator/.m2/repository/com/fasterxml/jackson/datatype/jackson-datatype-jdk8/2.9.9/jackson-datatype-jdk8-2.9.9.jar
7ffa04050000-7ffa04054000 r--s 0004c000 08:01 810555                     /home/vvator/.m2/repository/com/fasterxml/jackson/core/jackson-core/2.9.9/jackson-core-2.9.9.jar
7ffa04054000-7ffa04057000 r--s 0000e000 08:01 810565                     /home/vvator/.m2/repository/com/fasterxml/jackson/core/jackson-annotations/2.9.0/jackson-annotations-2.9.0.jar
7ffa04057000-7ffa0406a000 r--s 00137000 08:01 672238                     /home/vvator/.m2/repository/com/fasterxml/jackson/core/jackson-databind/2.9.9/jackson-databind-2.9.9.jar
7ffa0406a000-7ffa0406b000 r--s 00000000 08:01 1325269                    /home/vvator/.m2/repository/org/springframework/boot/spring-boot-starter-json/2.1.6.RELEASE/spring-boot-starter-json-2.1.6.RELEASE.jar
7ffa0406b000-7ffa04072000 r--s 00043000 08:01 1325325                    /home/vvator/.m2/repository/org/yaml/snakeyaml/1.23/snakeyaml-1.23.jar
7ffa04072000-7ffa04074000 r--s 00005000 08:01 1325315                    /home/vvator/.m2/repository/javax/annotation/javax.annotation-api/1.3.2/javax.annotation-api-1.3.2.jar
7ffa04074000-7ffa04076000 r--s 00000000 08:01 1325321                    /home/vvator/.m2/repository/org/slf4j/jul-to-slf4j/1.7.26/jul-to-slf4j-1.7.26.jar
7ffa04076000-7ffa0407c000 r--s 0003c000 08:01 1325318                    /home/vvator/.m2/repository/org/apache/logging/log4j/log4j-api/2.11.2/log4j-api-2.11.2.jar
7ffa0407c000-7ffa0407e000 r--s 00003000 08:01 1325316                    /home/vvator/.m2/repository/org/apache/logging/log4j/log4j-to-slf4j/2.11.2/log4j-to-slf4j-2.11.2.jar
7ffa0407e000-7ffa04089000 r--s 00069000 08:01 1325301                    /home/vvator/.m2/repository/ch/qos/logback/logback-core/1.2.3/logback-core-1.2.3.jar
7ffa04089000-7ffa0408f000 r--s 00041000 08:01 1197845                    /home/vvator/.m2/repository/ch/qos/logback/logback-classic/1.2.3/logback-classic-1.2.3.jar
7ffa0408f000-7ffa040a2000 r--s 00345000 08:01 1465397                    /opt/jdk1.8.0_211/jre/lib/resources.jar
7ffa040a2000-7ffa040b5000 r--s 000d6000 08:01 1465304                    /opt/jdk1.8.0_211/jre/lib/plugin.jar
7ffa040b5000-7ffa09000000 rw-p 00000000 00:00 0 
7ffa09000000-7ffa09630000 rwxp 00000000 00:00 0 
7ffa09630000-7ffa18000000 ---p 00000000 00:00 0 
7ffa18000000-7ffa18719000 rw-p 00000000 00:00 0 
7ffa18719000-7ffa1c000000 ---p 00000000 00:00 0 
7ffa1c000000-7ffa1c001000 r--s 00000000 08:01 1197863                    /home/vvator/.m2/repository/org/springframework/boot/spring-boot-starter-logging/2.1.6.RELEASE/spring-boot-starter-logging-2.1.6.RELEASE.jar
7ffa1c001000-7ffa1c002000 r--s 00000000 08:01 671161                     /home/vvator/.m2/repository/org/springframework/boot/spring-boot-starter/2.1.6.RELEASE/spring-boot-starter-2.1.6.RELEASE.jar
7ffa1c002000-7ffa1c01d000 r--s 0020c000 08:01 1465305                    /opt/jdk1.8.0_211/jre/lib/deploy.jar
7ffa1c01d000-7ffa1c1f7000 r--s 03d6d000 08:01 1465310                    /opt/jdk1.8.0_211/jre/lib/rt.jar
7ffa1c1f7000-7ffa1c26d000 rw-p 00000000 00:00 0 
7ffa1c26d000-7ffa1c26e000 ---p 00000000 00:00 0 
7ffa1c26e000-7ffa1c36e000 rw-p 00000000 00:00 0 
7ffa1c36e000-7ffa1c36f000 ---p 00000000 00:00 0 
7ffa1c36f000-7ffa1c46f000 rw-p 00000000 00:00 0 
7ffa1c46f000-7ffa1c470000 ---p 00000000 00:00 0 
7ffa1c470000-7ffa1c570000 rw-p 00000000 00:00 0 
7ffa1c570000-7ffa1c571000 ---p 00000000 00:00 0 
7ffa1c571000-7ffa1c778000 rw-p 00000000 00:00 0 
7ffa1c778000-7ffa1c90b000 ---p 00000000 00:00 0 
7ffa1c90b000-7ffa1ca12000 rw-p 00000000 00:00 0 
7ffa1ca12000-7ffa1cba4000 ---p 00000000 00:00 0 
7ffa1cba4000-7ffa1ccf1000 rw-p 00000000 00:00 0 
7ffa1ccf1000-7ffa1cd0b000 rw-p 00000000 00:00 0 
7ffa1cd0b000-7ffa1d0b2000 ---p 00000000 00:00 0 
7ffa1d0b2000-7ffa1d0cd000 r-xp 00000000 08:01 1465504                    /opt/jdk1.8.0_211/jre/lib/amd64/libzip.so
7ffa1d0cd000-7ffa1d2cc000 ---p 0001b000 08:01 1465504                    /opt/jdk1.8.0_211/jre/lib/amd64/libzip.so
7ffa1d2cc000-7ffa1d2cd000 r--p 0001a000 08:01 1465504                    /opt/jdk1.8.0_211/jre/lib/amd64/libzip.so
7ffa1d2cd000-7ffa1d2ce000 rw-p 0001b000 08:01 1465504                    /opt/jdk1.8.0_211/jre/lib/amd64/libzip.so
7ffa1d2ce000-7ffa1d2d9000 r-xp 00000000 08:01 136982                     /lib/x86_64-linux-gnu/libnss_files-2.27.so
7ffa1d2d9000-7ffa1d4d8000 ---p 0000b000 08:01 136982                     /lib/x86_64-linux-gnu/libnss_files-2.27.so
7ffa1d4d8000-7ffa1d4d9000 r--p 0000a000 08:01 136982                     /lib/x86_64-linux-gnu/libnss_files-2.27.so
7ffa1d4d9000-7ffa1d4da000 rw-p 0000b000 08:01 136982                     /lib/x86_64-linux-gnu/libnss_files-2.27.so
7ffa1d4da000-7ffa1d4e0000 rw-p 00000000 00:00 0 
7ffa1d4e0000-7ffa1d4f7000 r-xp 00000000 08:01 136976                     /lib/x86_64-linux-gnu/libnsl-2.27.so
7ffa1d4f7000-7ffa1d6f6000 ---p 00017000 08:01 136976                     /lib/x86_64-linux-gnu/libnsl-2.27.so
7ffa1d6f6000-7ffa1d6f7000 r--p 00016000 08:01 136976                     /lib/x86_64-linux-gnu/libnsl-2.27.so
7ffa1d6f7000-7ffa1d6f8000 rw-p 00017000 08:01 136976                     /lib/x86_64-linux-gnu/libnsl-2.27.so
7ffa1d6f8000-7ffa1d6fa000 rw-p 00000000 00:00 0 
7ffa1d6fa000-7ffa1d705000 r-xp 00000000 08:01 136993                     /lib/x86_64-linux-gnu/libnss_nis-2.27.so
7ffa1d705000-7ffa1d904000 ---p 0000b000 08:01 136993                     /lib/x86_64-linux-gnu/libnss_nis-2.27.so
7ffa1d904000-7ffa1d905000 r--p 0000a000 08:01 136993                     /lib/x86_64-linux-gnu/libnss_nis-2.27.so
7ffa1d905000-7ffa1d906000 rw-p 0000b000 08:01 136993                     /lib/x86_64-linux-gnu/libnss_nis-2.27.so
7ffa1d906000-7ffa1d90e000 r-xp 00000000 08:01 136978                     /lib/x86_64-linux-gnu/libnss_compat-2.27.so
7ffa1d90e000-7ffa1db0e000 ---p 00008000 08:01 136978                     /lib/x86_64-linux-gnu/libnss_compat-2.27.so
7ffa1db0e000-7ffa1db0f000 r--p 00008000 08:01 136978                     /lib/x86_64-linux-gnu/libnss_compat-2.27.so
7ffa1db0f000-7ffa1db10000 rw-p 00009000 08:01 136978                     /lib/x86_64-linux-gnu/libnss_compat-2.27.so
7ffa1db10000-7ffa1db1a000 r-xp 00000000 08:01 1465506                    /opt/jdk1.8.0_211/jre/lib/amd64/libinstrument.so
7ffa1db1a000-7ffa1dd19000 ---p 0000a000 08:01 1465506                    /opt/jdk1.8.0_211/jre/lib/amd64/libinstrument.so
7ffa1dd19000-7ffa1dd1a000 r--p 00009000 08:01 1465506                    /opt/jdk1.8.0_211/jre/lib/amd64/libinstrument.so
7ffa1dd1a000-7ffa1dd1b000 rw-p 0000a000 08:01 1465506                    /opt/jdk1.8.0_211/jre/lib/amd64/libinstrument.so
7ffa1dd1b000-7ffa1dd47000 r-xp 00000000 08:01 1465496                    /opt/jdk1.8.0_211/jre/lib/amd64/libjava.so
7ffa1dd47000-7ffa1df47000 ---p 0002c000 08:01 1465496                    /opt/jdk1.8.0_211/jre/lib/amd64/libjava.so
7ffa1df47000-7ffa1df48000 r--p 0002c000 08:01 1465496                    /opt/jdk1.8.0_211/jre/lib/amd64/libjava.so
7ffa1df48000-7ffa1df4a000 rw-p 0002d000 08:01 1465496                    /opt/jdk1.8.0_211/jre/lib/amd64/libjava.so
7ffa1df4a000-7ffa1df57000 r-xp 00000000 08:01 1465487                    /opt/jdk1.8.0_211/jre/lib/amd64/libverify.so
7ffa1df57000-7ffa1e156000 ---p 0000d000 08:01 1465487                    /opt/jdk1.8.0_211/jre/lib/amd64/libverify.so
7ffa1e156000-7ffa1e158000 r--p 0000c000 08:01 1465487                    /opt/jdk1.8.0_211/jre/lib/amd64/libverify.so
7ffa1e158000-7ffa1e159000 rw-p 0000e000 08:01 1465487                    /opt/jdk1.8.0_211/jre/lib/amd64/libverify.so
7ffa1e159000-7ffa1e160000 r-xp 00000000 08:01 137033                     /lib/x86_64-linux-gnu/librt-2.27.so
7ffa1e160000-7ffa1e35f000 ---p 00007000 08:01 137033                     /lib/x86_64-linux-gnu/librt-2.27.so
7ffa1e35f000-7ffa1e360000 r--p 00006000 08:01 137033                     /lib/x86_64-linux-gnu/librt-2.27.so
7ffa1e360000-7ffa1e361000 rw-p 00007000 08:01 137033                     /lib/x86_64-linux-gnu/librt-2.27.so
7ffa1e361000-7ffa1e4fe000 r-xp 00000000 08:01 136955                     /lib/x86_64-linux-gnu/libm-2.27.so
7ffa1e4fe000-7ffa1e6fd000 ---p 0019d000 08:01 136955                     /lib/x86_64-linux-gnu/libm-2.27.so
7ffa1e6fd000-7ffa1e6fe000 r--p 0019c000 08:01 136955                     /lib/x86_64-linux-gnu/libm-2.27.so
7ffa1e6fe000-7ffa1e6ff000 rw-p 0019d000 08:01 136955                     /lib/x86_64-linux-gnu/libm-2.27.so
7ffa1e6ff000-7ffa1f3e7000 r-xp 00000000 08:01 1465502                    /opt/jdk1.8.0_211/jre/lib/amd64/server/libjvm.so
7ffa1f3e7000-7ffa1f5e6000 ---p 00ce8000 08:01 1465502                    /opt/jdk1.8.0_211/jre/lib/amd64/server/libjvm.so
7ffa1f5e6000-7ffa1f67c000 r--p 00ce7000 08:01 1465502                    /opt/jdk1.8.0_211/jre/lib/amd64/server/libjvm.so
7ffa1f67c000-7ffa1f6ad000 rw-p 00d7d000 08:01 1465502                    /opt/jdk1.8.0_211/jre/lib/amd64/server/libjvm.so
7ffa1f6ad000-7ffa1f6e8000 rw-p 00000000 00:00 0 
7ffa1f6e8000-7ffa1f8cf000 r-xp 00000000 08:01 136892                     /lib/x86_64-linux-gnu/libc-2.27.so
7ffa1f8cf000-7ffa1facf000 ---p 001e7000 08:01 136892                     /lib/x86_64-linux-gnu/libc-2.27.so
7ffa1facf000-7ffa1fad3000 r--p 001e7000 08:01 136892                     /lib/x86_64-linux-gnu/libc-2.27.so
7ffa1fad3000-7ffa1fad5000 rw-p 001eb000 08:01 136892                     /lib/x86_64-linux-gnu/libc-2.27.so
7ffa1fad5000-7ffa1fad9000 rw-p 00000000 00:00 0 
7ffa1fad9000-7ffa1fadc000 r-xp 00000000 08:01 136915                     /lib/x86_64-linux-gnu/libdl-2.27.so
7ffa1fadc000-7ffa1fcdb000 ---p 00003000 08:01 136915                     /lib/x86_64-linux-gnu/libdl-2.27.so
7ffa1fcdb000-7ffa1fcdc000 r--p 00002000 08:01 136915                     /lib/x86_64-linux-gnu/libdl-2.27.so
7ffa1fcdc000-7ffa1fcdd000 rw-p 00003000 08:01 136915                     /lib/x86_64-linux-gnu/libdl-2.27.so
7ffa1fcdd000-7ffa1fcf4000 r-xp 00000000 08:01 1464647                    /opt/jdk1.8.0_211/lib/amd64/jli/libjli.so
7ffa1fcf4000-7ffa1fef3000 ---p 00017000 08:01 1464647                    /opt/jdk1.8.0_211/lib/amd64/jli/libjli.so
7ffa1fef3000-7ffa1fef4000 r--p 00016000 08:01 1464647                    /opt/jdk1.8.0_211/lib/amd64/jli/libjli.so
7ffa1fef4000-7ffa1fef5000 rw-p 00017000 08:01 1464647                    /opt/jdk1.8.0_211/lib/amd64/jli/libjli.so
7ffa1fef5000-7ffa1ff0f000 r-xp 00000000 08:01 137025                     /lib/x86_64-linux-gnu/libpthread-2.27.so
7ffa1ff0f000-7ffa2010e000 ---p 0001a000 08:01 137025                     /lib/x86_64-linux-gnu/libpthread-2.27.so
7ffa2010e000-7ffa2010f000 r--p 00019000 08:01 137025                     /lib/x86_64-linux-gnu/libpthread-2.27.so
7ffa2010f000-7ffa20110000 rw-p 0001a000 08:01 137025                     /lib/x86_64-linux-gnu/libpthread-2.27.so
7ffa20110000-7ffa20114000 rw-p 00000000 00:00 0 
7ffa20114000-7ffa2013b000 r-xp 00000000 08:01 136864                     /lib/x86_64-linux-gnu/ld-2.27.so
7ffa2013b000-7ffa2013c000 r--s 00000000 08:01 1325267                    /home/vvator/.m2/repository/org/springframework/boot/spring-boot-starter-web/2.1.6.RELEASE/spring-boot-starter-web-2.1.6.RELEASE.jar
7ffa2013c000-7ffa2013d000 r--s 00000000 08:01 1465477                    /opt/jdk1.8.0_211/jre/lib/management-agent.jar
7ffa2013d000-7ffa20142000 r--s 000a3000 08:01 1465446                    /opt/jdk1.8.0_211/jre/lib/jsse.jar
7ffa20142000-7ffa20147000 r--s 00084000 08:01 1465426                    /opt/jdk1.8.0_211/jre/lib/jfr.jar
7ffa20147000-7ffa20151000 r--s 0006e000 08:01 1465400                    /opt/jdk1.8.0_211/jre/lib/javaws.jar
7ffa20151000-7ffa20222000 rw-p 00000000 00:00 0 
7ffa20222000-7ffa20223000 ---p 00000000 00:00 0 
7ffa20223000-7ffa20226000 ---p 00000000 00:00 0 
7ffa20226000-7ffa20327000 rw-p 00000000 00:00 0 
7ffa20327000-7ffa20329000 r--s 00007000 08:01 1465451                    /opt/jdk1.8.0_211/jre/lib/jfxswt.jar
7ffa20329000-7ffa2032c000 r--s 0001a000 08:01 1465367                    /opt/jdk1.8.0_211/jre/lib/jce.jar
7ffa2032c000-7ffa20331000 r--s 002f9000 08:01 1465309                    /opt/jdk1.8.0_211/jre/lib/charsets.jar
7ffa20331000-7ffa20339000 rw-s 00000000 08:01 551209                     /tmp/hsperfdata_vvator/32005
7ffa20339000-7ffa2033a000 rw-p 00000000 00:00 0 
7ffa2033a000-7ffa2033b000 ---p 00000000 00:00 0 
7ffa2033b000-7ffa2033c000 r--p 00027000 08:01 136864                     /lib/x86_64-linux-gnu/ld-2.27.so
7ffa2033c000-7ffa2033d000 rw-p 00028000 08:01 136864                     /lib/x86_64-linux-gnu/ld-2.27.so
7ffa2033d000-7ffa2033e000 rw-p 00000000 00:00 0 
7ffe1cf7d000-7ffe1cf9f000 rw-p 00000000 00:00 0                          [stack]
7ffe1cfad000-7ffe1cfb0000 r--p 00000000 00:00 0                          [vvar]
7ffe1cfb0000-7ffe1cfb2000 r-xp 00000000 00:00 0                          [vdso]
ffffffffff600000-ffffffffff601000 r-xp 00000000 00:00 0                  [vsyscall]

VM Arguments:
jvm_args: -XX:TieredStopAtLevel=1 -Xverify:none -Dspring.output.ansi.enabled=always -Dcom.sun.management.jmxremote -Dspring.jmx.enabled=true -Dspring.liveBeansView.mbeanDomain -Dspring.application.admin.enabled=true -javaagent:/opt/ideaIU-2019.1.3/idea-IU-191.7479.19/lib/idea_rt.jar=40767:/opt/ideaIU-2019.1.3/idea-IU-191.7479.19/bin -Dfile.encoding=UTF-8 
java_command: com.gok.waybill.waybillservice.WaybillServiceApplication
java_class_path (initial): /opt/jdk1.8.0_211/jre/lib/charsets.jar:/opt/jdk1.8.0_211/jre/lib/deploy.jar:/opt/jdk1.8.0_211/jre/lib/ext/cldrdata.jar:/opt/jdk1.8.0_211/jre/lib/ext/dnsns.jar:/opt/jdk1.8.0_211/jre/lib/ext/jaccess.jar:/opt/jdk1.8.0_211/jre/lib/ext/jfxrt.jar:/opt/jdk1.8.0_211/jre/lib/ext/localedata.jar:/opt/jdk1.8.0_211/jre/lib/ext/nashorn.jar:/opt/jdk1.8.0_211/jre/lib/ext/sunec.jar:/opt/jdk1.8.0_211/jre/lib/ext/sunjce_provider.jar:/opt/jdk1.8.0_211/jre/lib/ext/sunpkcs11.jar:/opt/jdk1.8.0_211/jre/lib/ext/zipfs.jar:/opt/jdk1.8.0_211/jre/lib/javaws.jar:/opt/jdk1.8.0_211/jre/lib/jce.jar:/opt/jdk1.8.0_211/jre/lib/jfr.jar:/opt/jdk1.8.0_211/jre/lib/jfxswt.jar:/opt/jdk1.8.0_211/jre/lib/jsse.jar:/opt/jdk1.8.0_211/jre/lib/management-agent.jar:/opt/jdk1.8.0_211/jre/lib/plugin.jar:/opt/jdk1.8.0_211/jre/lib/resources.jar:/opt/jdk1.8.0_211/jre/lib/rt.jar:/media/sf_GROW/JAVA/waybill-root/waybill-service/target/classes:/home/vvator/.m2/repository/org/springframework/boot/spring-boot-starter-web/2.1.6.RELEASE/spring-boot-starter-web-2.1.6.RELEASE.jar:/home/vvator/.m2/repository/org/springframework/boot/spring-boot-starter/2.1.6.RELEASE/spring-boot-starter-2.1.6.RELEASE.jar:/home/vvator/.m2/repository/org/springframework/boot/spring-boot-starter-logging/2.1.6.RELEASE/spring-boot-starter-logging-2.1.6.RELEASE.jar:/home/vvator/.m2/repository/ch/qos/logback/logback-classic/1.2.3/logback-classic-1.2.3.jar:/home/vvator/.m2/repository/ch/qos/logback/logback-core/1.2.3/logback-core-1.2.3.jar:/home/vvator/.m2/repository/org/apache/logging/log4j/log4j-to-slf4j/2.11.2/log4j-to-slf4j-2.11.2.jar:/home/vvator/.m2/repository/org/apache/logging/log4j/log4j-api/2.11.2/log4j-api-2.11.2.jar:/home/vvator/.m2/repository/org/slf4j/jul-to-slf4j/1.7.26/jul-to-slf4j-1.7.26.jar:/home/vvator/.m2/repository/javax/annotation/javax.annotation-api/1.3.2/javax.annotation-api-1.3.2.jar:/home/vvator/.m2/repository/org/yaml/snakeyaml/1.23/snakeyaml-1.23.jar:/home/vvator/.m2/repository/org/springframework/
Launcher Type: SUN_STANDARD

Environment Variables:
JAVA_HOME=/usr/lib/jvm/java-12-oracle
PATH=/usr/local/sbin:/usr/local/bin:/usr/sbin:/usr/bin:/sbin:/bin:/usr/games:/usr/local/games:/snap/bin:/usr/lib/jvm/java-12-oracle/bin:/usr/lib/jvm/java-12-oracle/db/bin
USERNAME=vvator
SHELL=/bin/bash
DISPLAY=:0

Signal Handlers:
SIGSEGV: [libjvm.so+0xad3d90], sa_mask[0]=11111111011111111101111111111110, sa_flags=SA_RESTART|SA_SIGINFO
SIGBUS: [libjvm.so+0xad3d90], sa_mask[0]=11111111011111111101111111111110, sa_flags=SA_RESTART|SA_SIGINFO
SIGFPE: [libjvm.so+0x90b8b0], sa_mask[0]=11111111011111111101111111111110, sa_flags=SA_RESTART|SA_SIGINFO
SIGPIPE: [libjvm.so+0x90b8b0], sa_mask[0]=11111111011111111101111111111110, sa_flags=SA_RESTART|SA_SIGINFO
SIGXFSZ: [libjvm.so+0x90b8b0], sa_mask[0]=11111111011111111101111111111110, sa_flags=SA_RESTART|SA_SIGINFO
SIGILL: [libjvm.so+0x90b8b0], sa_mask[0]=11111111011111111101111111111110, sa_flags=SA_RESTART|SA_SIGINFO
SIGUSR1: SIG_DFL, sa_mask[0]=00000000000000000000000000000000, sa_flags=none
SIGUSR2: [libjvm.so+0x90b780], sa_mask[0]=00100000000000000000000000000000, sa_flags=SA_RESTART|SA_SIGINFO
SIGHUP: [libjvm.so+0x90bda0], sa_mask[0]=11111111011111111101111111111110, sa_flags=SA_RESTART|SA_SIGINFO
SIGINT: [libjvm.so+0x90bda0], sa_mask[0]=11111111011111111101111111111110, sa_flags=SA_RESTART|SA_SIGINFO
SIGTERM: [libjvm.so+0x90bda0], sa_mask[0]=11111111011111111101111111111110, sa_flags=SA_RESTART|SA_SIGINFO
SIGQUIT: [libjvm.so+0x90bda0], sa_mask[0]=11111111011111111101111111111110, sa_flags=SA_RESTART|SA_SIGINFO


---------------  S Y S T E M  ---------------

OS:DISTRIB_ID=Ubuntu
DISTRIB_RELEASE=18.04
DISTRIB_CODENAME=bionic
DISTRIB_DESCRIPTION="Ubuntu 18.04.2 LTS"

uname:Linux 4.18.0-25-generic #26~18.04.1-Ubuntu SMP Thu Jun 27 07:28:31 UTC 2019 x86_64
libc:glibc 2.27 NPTL 2.27 
rlimit: STACK 8192k, CORE 0k, NPROC 31652, NOFILE 1048576, AS infinity
load average:1,47 0,98 0,66

/proc/meminfo:
MemTotal:        8167724 kB
MemFree:          121140 kB
MemAvailable:      85480 kB
Buffers:            3260 kB
Cached:           868324 kB
SwapCached:         3552 kB
Active:          6766444 kB
Inactive:         909160 kB
Active(anon):    6723196 kB
Inactive(anon):   838520 kB
Active(file):      43248 kB
Inactive(file):    70640 kB
Unevictable:          64 kB
Mlocked:              64 kB
SwapTotal:       1214880 kB
SwapFree:              0 kB
Dirty:                84 kB
Writeback:             0 kB
AnonPages:       6800788 kB
Mapped:           854712 kB
Shmem:            757628 kB
Slab:             147416 kB
SReclaimable:      84472 kB
SUnreclaim:        62944 kB
KernelStack:       18800 kB
PageTables:       106328 kB
NFS_Unstable:          0 kB
Bounce:                0 kB
WritebackTmp:          0 kB
CommitLimit:     5298740 kB
Committed_AS:   18597044 kB
VmallocTotal:   34359738367 kB
VmallocUsed:           0 kB
VmallocChunk:          0 kB
HardwareCorrupted:     0 kB
AnonHugePages:         0 kB
ShmemHugePages:        0 kB
ShmemPmdMapped:        0 kB
CmaTotal:              0 kB
CmaFree:               0 kB
HugePages_Total:       0
HugePages_Free:        0
HugePages_Rsvd:        0
HugePages_Surp:        0
Hugepagesize:       2048 kB
Hugetlb:               0 kB
DirectMap4k:      350144 kB
DirectMap2M:     8038400 kB

container (cgroup) information:
container_type: cgroupv1
cpu_cpuset_cpus: 0-3
cpu_memory_nodes: 0
active_processor_count: 4
cpu_quota: -1
cpu_period: 100000
cpu_shares: -1
memory_limit_in_bytes: -1
memory_and_swap_limit_in_bytes: -2
memory_soft_limit_in_bytes: -1
memory_usage_in_bytes: 7859372032
memory_max_usage_in_bytes: 28913664


CPU:total 4 (initial active 4) (4 cores per cpu, 1 threads per core) family 6 model 158 stepping 10, cmov, cx8, fxsr, mmx, sse, sse2, sse3, ssse3, sse4.1, sse4.2, popcnt, avx, avx2, aes, clmul, 3dnowpref, lzcnt, tsc, tscinvbit

/proc/cpuinfo:
processor	: 0
vendor_id	: GenuineIntel
cpu family	: 6
model		: 158
model name	: Intel(R) Core(TM) i7-8700 CPU @ 3.20GHz
stepping	: 10
cpu MHz		: 3191.994
cache size	: 12288 KB
physical id	: 0
siblings	: 4
core id		: 0
cpu cores	: 4
apicid		: 0
initial apicid	: 0
fpu		: yes
fpu_exception	: yes
cpuid level	: 22
wp		: yes
flags		: fpu vme de pse tsc msr pae mce cx8 apic sep mtrr pge mca cmov pat pse36 clflush mmx fxsr sse sse2 ht syscall nx rdtscp lm constant_tsc rep_good nopl xtopology nonstop_tsc cpuid tsc_known_freq pni pclmulqdq ssse3 cx16 pcid sse4_1 sse4_2 x2apic movbe popcnt aes xsave avx rdrand hypervisor lahf_lm abm 3dnowprefetch invpcid_single pti fsgsbase avx2 invpcid rdseed clflushopt flush_l1d
bugs		: cpu_meltdown spectre_v1 spectre_v2 spec_store_bypass l1tf mds
bogomips	: 6383.98
clflush size	: 64
cache_alignment	: 64
address sizes	: 39 bits physical, 48 bits virtual
power management:

processor	: 1
vendor_id	: GenuineIntel
cpu family	: 6
model		: 158
model name	: Intel(R) Core(TM) i7-8700 CPU @ 3.20GHz
stepping	: 10
cpu MHz		: 3191.994
cache size	: 12288 KB
physical id	: 0
siblings	: 4
core id		: 1
cpu cores	: 4
apicid		: 1
initial apicid	: 1
fpu		: yes
fpu_exception	: yes
cpuid level	: 22
wp		: yes
flags		: fpu vme de pse tsc msr pae mce cx8 apic sep mtrr pge mca cmov pat pse36 clflush mmx fxsr sse sse2 ht syscall nx rdtscp lm constant_tsc rep_good nopl xtopology nonstop_tsc cpuid tsc_known_freq pni pclmulqdq ssse3 cx16 pcid sse4_1 sse4_2 x2apic movbe popcnt aes xsave avx rdrand hypervisor lahf_lm abm 3dnowprefetch invpcid_single pti fsgsbase avx2 invpcid rdseed clflushopt flush_l1d
bugs		: cpu_meltdown spectre_v1 spectre_v2 spec_store_bypass l1tf mds
bogomips	: 6383.98
clflush size	: 64
cache_alignment	: 64
address sizes	: 39 bits physical, 48 bits virtual
power management:

processor	: 2
vendor_id	: GenuineIntel
cpu family	: 6
model		: 158
model name	: Intel(R) Core(TM) i7-8700 CPU @ 3.20GHz
stepping	: 10
cpu MHz		: 3191.994
cache size	: 12288 KB
physical id	: 0
siblings	: 4
core id		: 2
cpu cores	: 4
apicid		: 2
initial apicid	: 2
fpu		: yes
fpu_exception	: yes
cpuid level	: 22
wp		: yes
flags		: fpu vme de pse tsc msr pae mce cx8 apic sep mtrr pge mca cmov pat pse36 clflush mmx fxsr sse sse2 ht syscall nx rdtscp lm constant_tsc rep_good nopl xtopology nonstop_tsc cpuid tsc_known_freq pni pclmulqdq ssse3 cx16 pcid sse4_1 sse4_2 x2apic movbe popcnt aes xsave avx rdrand hypervisor lahf_lm abm 3dnowprefetch invpcid_single pti fsgsbase avx2 invpcid rdseed clflushopt flush_l1d
bugs		: cpu_meltdown spectre_v1 spectre_v2 spec_store_bypass l1tf mds
bogomips	: 6383.98
clflush size	: 64
cache_alignment	: 64
address sizes	: 39 bits physical, 48 bits virtual
power management:

processor	: 3
vendor_id	: GenuineIntel
cpu family	: 6
model		: 158
model name	: Intel(R) Core(TM) i7-8700 CPU @ 3.20GHz
stepping	: 10
cpu MHz		: 3191.994
cache size	: 12288 KB
physical id	: 0
siblings	: 4
core id		: 3
cpu cores	: 4
apicid		: 3
initial apicid	: 3
fpu		: yes
fpu_exception	: yes
cpuid level	: 22
wp		: yes
flags		: fpu vme de pse tsc msr pae mce cx8 apic sep mtrr pge mca cmov pat pse36 clflush mmx fxsr sse sse2 ht syscall nx rdtscp lm constant_tsc rep_good nopl xtopology nonstop_tsc cpuid tsc_known_freq pni pclmulqdq ssse3 cx16 pcid sse4_1 sse4_2 x2apic movbe popcnt aes xsave avx rdrand hypervisor lahf_lm abm 3dnowprefetch invpcid_single pti fsgsbase avx2 invpcid rdseed clflushopt flush_l1d
bugs		: cpu_meltdown spectre_v1 spectre_v2 spec_store_bypass l1tf mds
bogomips	: 6383.98
clflush size	: 64
cache_alignment	: 64
address sizes	: 39 bits physical, 48 bits virtual
power management:



Memory: 4k page, physical 8167724k(121140k free), swap 1214880k(0k free)

vm_info: Java HotSpot(TM) 64-Bit Server VM (25.211-b12) for linux-amd64 JRE (1.8.0_211-b12), built on Apr  1 2019 20:39:34 by "java_re" with gcc 7.3.0

time: Mon Jul 15 20:08:26 2019
timezone: MSK
elapsed time: 14 seconds (0d 0h 0m 14s)

